c:\users\tegkh\documents\visual studio 2015\projects\letsmakethis happen\bengine\release\bengine.pdb
c:\users\tegkh\documents\visual studio 2015\projects\letsmakethis happen\bengine\release\window.obj
c:\users\tegkh\documents\visual studio 2015\projects\letsmakethis happen\bengine\release\timings.obj
c:\users\tegkh\documents\visual studio 2015\projects\letsmakethis happen\bengine\release\texturecache.obj
c:\users\tegkh\documents\visual studio 2015\projects\letsmakethis happen\bengine\release\spritebatch.obj
c:\users\tegkh\documents\visual studio 2015\projects\letsmakethis happen\bengine\release\sprite.obj
c:\users\tegkh\documents\visual studio 2015\projects\letsmakethis happen\bengine\release\resourcemanager.obj
c:\users\tegkh\documents\visual studio 2015\projects\letsmakethis happen\bengine\release\picopng.obj
c:\users\tegkh\documents\visual studio 2015\projects\letsmakethis happen\bengine\release\iomanager.obj
c:\users\tegkh\documents\visual studio 2015\projects\letsmakethis happen\bengine\release\inputmanager.obj
c:\users\tegkh\documents\visual studio 2015\projects\letsmakethis happen\bengine\release\imageloader.obj
c:\users\tegkh\documents\visual studio 2015\projects\letsmakethis happen\bengine\release\glslprog.obj
c:\users\tegkh\documents\visual studio 2015\projects\letsmakethis happen\bengine\release\error.obj
c:\users\tegkh\documents\visual studio 2015\projects\letsmakethis happen\bengine\release\camera2d.obj
c:\users\tegkh\documents\visual studio 2015\projects\letsmakethis happen\bengine\release\bengine.obj
c:\users\tegkh\documents\visual studio 2015\projects\letsmakethis happen\bengine\release\spritefont.obj
c:\users\tegkh\documents\visual studio 2015\projects\letsmakethis happen\release\bengine.lib
c:\users\tegkh\documents\visual studio 2015\projects\letsmakethis happen\bengine\release\bengine.tlog\cl.command.1.tlog
c:\users\tegkh\documents\visual studio 2015\projects\letsmakethis happen\bengine\release\bengine.tlog\cl.read.1.tlog
c:\users\tegkh\documents\visual studio 2015\projects\letsmakethis happen\bengine\release\bengine.tlog\cl.write.1.tlog
c:\users\tegkh\documents\visual studio 2015\projects\letsmakethis happen\bengine\release\bengine.tlog\lib-link.read.1.tlog
c:\users\tegkh\documents\visual studio 2015\projects\letsmakethis happen\bengine\release\bengine.tlog\lib-link.write.1.tlog
c:\users\tegkh\documents\visual studio 2015\projects\letsmakethis happen\bengine\release\bengine.tlog\lib.command.1.tlog
