c:\users\tegkh\documents\visual studio 2015\projects\letsmakethis happen\bengine\debug\bengine.pdb
c:\users\tegkh\documents\visual studio 2015\projects\letsmakethis happen\bengine\debug\bengine.idb
c:\users\tegkh\documents\visual studio 2015\projects\letsmakethis happen\bengine\debug\error.obj
c:\users\tegkh\documents\visual studio 2015\projects\letsmakethis happen\bengine\debug\glslprog.obj
c:\users\tegkh\documents\visual studio 2015\projects\letsmakethis happen\bengine\debug\imageloader.obj
c:\users\tegkh\documents\visual studio 2015\projects\letsmakethis happen\bengine\debug\iomanager.obj
c:\users\tegkh\documents\visual studio 2015\projects\letsmakethis happen\bengine\debug\picopng.obj
c:\users\tegkh\documents\visual studio 2015\projects\letsmakethis happen\bengine\debug\resourcemanager.obj
c:\users\tegkh\documents\visual studio 2015\projects\letsmakethis happen\bengine\debug\sprite.obj
c:\users\tegkh\documents\visual studio 2015\projects\letsmakethis happen\bengine\debug\texturecache.obj
c:\users\tegkh\documents\visual studio 2015\projects\letsmakethis happen\bengine\debug\window.obj
c:\users\tegkh\documents\visual studio 2015\projects\letsmakethis happen\bengine\debug\bengine.obj
c:\users\tegkh\documents\visual studio 2015\projects\letsmakethis happen\bengine\debug\camera2d.obj
c:\users\tegkh\documents\visual studio 2015\projects\letsmakethis happen\bengine\debug\spritebatch.obj
c:\users\tegkh\documents\visual studio 2015\projects\letsmakethis happen\debug\bengine.lib
c:\users\tegkh\documents\visual studio 2015\projects\letsmakethis happen\debug\bengine.pdb
c:\users\tegkh\documents\visual studio 2015\projects\letsmakethis happen\bengine\debug\bengine.tlog\cl.command.1.tlog
c:\users\tegkh\documents\visual studio 2015\projects\letsmakethis happen\bengine\debug\bengine.tlog\cl.read.1.tlog
c:\users\tegkh\documents\visual studio 2015\projects\letsmakethis happen\bengine\debug\bengine.tlog\cl.write.1.tlog
c:\users\tegkh\documents\visual studio 2015\projects\letsmakethis happen\bengine\debug\bengine.tlog\lib-link.read.1.tlog
c:\users\tegkh\documents\visual studio 2015\projects\letsmakethis happen\bengine\debug\bengine.tlog\lib-link.write.1.tlog
c:\users\tegkh\documents\visual studio 2015\projects\letsmakethis happen\bengine\debug\bengine.tlog\lib.command.1.tlog
