  MainGame.cpp
MainGame.cpp(31): warning C4018: '<': signed/unsigned mismatch
MainGame.cpp(33): warning C4018: '<': signed/unsigned mismatch
MainGame.cpp(35): warning C4018: '<': signed/unsigned mismatch
MainGame.cpp(88): warning C4244: 'argument': conversion from 'time_t' to 'unsigned int', possible loss of data
MainGame.cpp(103): warning C4018: '<': signed/unsigned mismatch
MainGame.cpp(143): warning C4244: 'initializing': conversion from 'Uint32' to 'float', possible loss of data
MainGame.cpp(148): warning C4244: 'initializing': conversion from 'Uint32' to 'float', possible loss of data
MainGame.cpp(219): warning C4244: 'argument': conversion from 'Sint32' to 'float', possible loss of data
MainGame.cpp(242): warning C4018: '<': signed/unsigned mismatch
MainGame.cpp(248): warning C4018: '<': signed/unsigned mismatch
MainGame.cpp(257): warning C4018: '<': signed/unsigned mismatch
MainGame.cpp(260): warning C4018: '<': signed/unsigned mismatch
MainGame.cpp(266): warning C4018: '<': signed/unsigned mismatch
MainGame.cpp(290): warning C4018: '<': signed/unsigned mismatch
MainGame.cpp(292): warning C4018: '<': signed/unsigned mismatch
MainGame.cpp(303): warning C4018: '<': signed/unsigned mismatch
MainGame.cpp(316): warning C4018: '<': signed/unsigned mismatch
MainGame.cpp(320): warning C4018: '<': signed/unsigned mismatch
MainGame.cpp(344): warning C4018: '<': signed/unsigned mismatch
MainGame.cpp(396): warning C4018: '<': signed/unsigned mismatch
MainGame.cpp(402): warning C4018: '<': signed/unsigned mismatch
MainGame.cpp(408): warning C4018: '<': signed/unsigned mismatch
  Generating code
  2 of 2322 functions ( 0.1%) were compiled, the rest were copied from previous compilation.
    0 functions were new in current compilation
    4 functions had inline decision re-evaluated but remain unchanged
  Finished generating code
  ZombieGame.vcxproj -> C:\Users\tegkh\Documents\Visual Studio 2015\Projects\letsmakethis happen\Release\ZombieGame.exe
